android/app/build/intermediates/manifest_merge_blame_file/debug/processDebugMainManifest/manifest-merger-blame-debug-report.txt
1<?xml version="1.0" encoding="utf-8"?>
2<manifest xmlns:android="http://schemas.android.com/apk/res/android"
3    package="com.connecttophone"
4    android:versionCode="1"
5    android:versionName="1.0" >
6
7    <uses-sdk
8        android:minSdkVersion="26"
9        android:targetSdkVersion="34" />
10
11    <!-- Network & Local Connectivity -->
12    <uses-permission android:name="android.permission.INTERNET" />
12-->src/main/AndroidManifest.xml:6:5-67
12-->src/main/AndroidManifest.xml:6:22-64
13    <uses-permission android:name="android.permission.ACCESS_NETWORK_STATE" />
13-->src/main/AndroidManifest.xml:7:5-79
13-->src/main/AndroidManifest.xml:7:22-76
14    <uses-permission android:name="android.permission.ACCESS_WIFI_STATE" />
14-->src/main/AndroidManifest.xml:8:5-76
14-->src/main/AndroidManifest.xml:8:22-73
15    <uses-permission android:name="android.permission.CHANGE_WIFI_MULTICAST_STATE" />
15-->src/main/AndroidManifest.xml:9:5-86
15-->src/main/AndroidManifest.xml:9:22-83
16
17    <!-- Continuous Background Operation -->
18    <uses-permission android:name="android.permission.FOREGROUND_SERVICE" />
18-->src/main/AndroidManifest.xml:12:5-14:54
18-->src/main/AndroidManifest.xml:13:9-61
19    <uses-permission android:name="android.permission.FOREGROUND_SERVICE_DATA_SYNC" />
19-->src/main/AndroidManifest.xml:15:5-87
19-->src/main/AndroidManifest.xml:15:22-84
20    <uses-permission android:name="android.permission.FOREGROUND_SERVICE_MEDIA_PROJECTION" />
20-->src/main/AndroidManifest.xml:16:5-94
20-->src/main/AndroidManifest.xml:16:22-91
21    <uses-permission android:name="android.permission.RECEIVE_BOOT_COMPLETED" />
21-->src/main/AndroidManifest.xml:17:5-81
21-->src/main/AndroidManifest.xml:17:22-78
22    <uses-permission android:name="android.permission.WAKE_LOCK" />
22-->src/main/AndroidManifest.xml:18:5-68
22-->src/main/AndroidManifest.xml:18:22-65
23    <uses-permission android:name="android.permission.POST_NOTIFICATIONS" />
23-->src/main/AndroidManifest.xml:19:5-77
23-->src/main/AndroidManifest.xml:19:22-74
24    <uses-permission android:name="android.permission.VIBRATE" />
24-->src/main/AndroidManifest.xml:20:5-66
24-->src/main/AndroidManifest.xml:20:22-63
25
26    <permission
26-->[androidx.core:core:1.12.0] AndroidManifest.xml:22:5-24:47
27        android:name="com.connecttophone.DYNAMIC_RECEIVER_NOT_EXPORTED_PERMISSION"
27-->[androidx.core:core:1.12.0] AndroidManifest.xml:23:9-81
28        android:protectionLevel="signature" />
28-->[androidx.core:core:1.12.0] AndroidManifest.xml:24:9-44
29
30    <uses-permission android:name="com.connecttophone.DYNAMIC_RECEIVER_NOT_EXPORTED_PERMISSION" />
30-->[androidx.core:core:1.12.0] AndroidManifest.xml:26:5-97
30-->[androidx.core:core:1.12.0] AndroidManifest.xml:26:22-94
31    <uses-permission android:name="android.permission.CAMERA" /> <!-- Don't require camera, as this requires a rear camera. This allows it to work on the Nexus 7 -->
31-->[com.journeyapps:zxing-android-embedded:4.3.0] AndroidManifest.xml:22:5-65
31-->[com.journeyapps:zxing-android-embedded:4.3.0] AndroidManifest.xml:22:22-62
32    <uses-feature
32-->[com.journeyapps:zxing-android-embedded:4.3.0] AndroidManifest.xml:25:5-27:36
33        android:name="android.hardware.camera"
33-->[com.journeyapps:zxing-android-embedded:4.3.0] AndroidManifest.xml:26:9-47
34        android:required="false" />
34-->[com.journeyapps:zxing-android-embedded:4.3.0] AndroidManifest.xml:27:9-33
35    <uses-feature
35-->[com.journeyapps:zxing-android-embedded:4.3.0] AndroidManifest.xml:28:5-30:36
36        android:name="android.hardware.camera.front"
36-->[com.journeyapps:zxing-android-embedded:4.3.0] AndroidManifest.xml:29:9-53
37        android:required="false" /> <!-- TODO replace above two with next line after Android 4.2 -->
37-->[com.journeyapps:zxing-android-embedded:4.3.0] AndroidManifest.xml:30:9-33
38    <!-- <uses-feature android:name="android.hardware.camera.any"/> -->
39    <uses-feature
39-->[com.journeyapps:zxing-android-embedded:4.3.0] AndroidManifest.xml:33:5-35:36
40        android:name="android.hardware.camera.autofocus"
40-->[com.journeyapps:zxing-android-embedded:4.3.0] AndroidManifest.xml:34:9-57
41        android:required="false" />
41-->[com.journeyapps:zxing-android-embedded:4.3.0] AndroidManifest.xml:35:9-33
42    <uses-feature
42-->[com.journeyapps:zxing-android-embedded:4.3.0] AndroidManifest.xml:36:5-38:36
43        android:name="android.hardware.camera.flash"
43-->[com.journeyapps:zxing-android-embedded:4.3.0] AndroidManifest.xml:37:9-53
44        android:required="false" />
44-->[com.journeyapps:zxing-android-embedded:4.3.0] AndroidManifest.xml:38:9-33
45    <uses-feature
45-->[com.journeyapps:zxing-android-embedded:4.3.0] AndroidManifest.xml:39:5-41:36
46        android:name="android.hardware.screen.landscape"
46-->[com.journeyapps:zxing-android-embedded:4.3.0] AndroidManifest.xml:40:9-57
47        android:required="false" />
47-->[com.journeyapps:zxing-android-embedded:4.3.0] AndroidManifest.xml:41:9-33
48    <uses-feature
48-->[com.journeyapps:zxing-android-embedded:4.3.0] AndroidManifest.xml:42:5-44:36
49        android:name="android.hardware.wifi"
49-->[com.journeyapps:zxing-android-embedded:4.3.0] AndroidManifest.xml:43:9-45
50        android:required="false" />
50-->[com.journeyapps:zxing-android-embedded:4.3.0] AndroidManifest.xml:44:9-33
51
52    <application
52-->src/main/AndroidManifest.xml:22:5-92:19
53        android:name="com.connecttophone.ConnectApp"
53-->src/main/AndroidManifest.xml:23:9-35
54        android:allowBackup="true"
54-->src/main/AndroidManifest.xml:24:9-35
55        android:appComponentFactory="androidx.core.app.CoreComponentFactory"
55-->[androidx.core:core:1.12.0] AndroidManifest.xml:28:18-86
56        android:debuggable="true"
57        android:extractNativeLibs="false"
58        android:icon="@mipmap/ic_launcher"
58-->src/main/AndroidManifest.xml:25:9-43
59        android:label="@string/app_name"
59-->src/main/AndroidManifest.xml:26:9-41
60        android:roundIcon="@mipmap/ic_launcher_round"
60-->src/main/AndroidManifest.xml:27:9-54
61        android:supportsRtl="true"
61-->src/main/AndroidManifest.xml:28:9-35
62        android:theme="@style/Theme.ConnectToPhone"
62-->src/main/AndroidManifest.xml:29:9-52
63        android:usesCleartextTraffic="true" >
63-->src/main/AndroidManifest.xml:30:9-44
64        <activity
64-->src/main/AndroidManifest.xml:32:9-40:20
65            android:name="com.connecttophone.MainActivity"
65-->src/main/AndroidManifest.xml:33:13-41
66            android:exported="true"
66-->src/main/AndroidManifest.xml:34:13-36
67            android:windowSoftInputMode="adjustResize" >
67-->src/main/AndroidManifest.xml:35:13-55
68            <intent-filter>
68-->src/main/AndroidManifest.xml:36:13-39:29
69                <action android:name="android.intent.action.MAIN" />
69-->src/main/AndroidManifest.xml:37:17-69
69-->src/main/AndroidManifest.xml:37:25-66
70
71                <category android:name="android.intent.category.LAUNCHER" />
71-->src/main/AndroidManifest.xml:38:17-77
71-->src/main/AndroidManifest.xml:38:27-74
72            </intent-filter>
73        </activity>
74
75        <!-- Continuous Companion Background Service -->
76        <service
76-->src/main/AndroidManifest.xml:43:9-47:56
77            android:name="com.connecttophone.service.CompanionService"
77-->src/main/AndroidManifest.xml:44:13-53
78            android:enabled="true"
78-->src/main/AndroidManifest.xml:45:13-35
79            android:exported="false"
79-->src/main/AndroidManifest.xml:46:13-37
80            android:foregroundServiceType="dataSync" />
80-->src/main/AndroidManifest.xml:47:13-53
81
82        <!-- MediaProjection Screen Streaming Service -->
83        <service
83-->src/main/AndroidManifest.xml:50:9-54:63
84            android:name="com.connecttophone.service.ScreenCaptureService"
84-->src/main/AndroidManifest.xml:51:13-57
85            android:enabled="true"
85-->src/main/AndroidManifest.xml:52:13-35
86            android:exported="false"
86-->src/main/AndroidManifest.xml:53:13-37
87            android:foregroundServiceType="mediaProjection" />
87-->src/main/AndroidManifest.xml:54:13-60
88
89        <!-- Accessibility Service for background clipboard observation on Android 10+ -->
90        <service
90-->src/main/AndroidManifest.xml:57:9-68:19
91            android:name="com.connecttophone.service.ClipboardAccessibilityService"
91-->src/main/AndroidManifest.xml:58:13-66
92            android:exported="true"
92-->src/main/AndroidManifest.xml:60:13-36
93            android:permission="android.permission.BIND_ACCESSIBILITY_SERVICE" >
93-->src/main/AndroidManifest.xml:59:13-79
94            <intent-filter>
94-->src/main/AndroidManifest.xml:62:13-64:29
95                <action android:name="android.accessibilityservice.AccessibilityService" />
95-->src/main/AndroidManifest.xml:63:17-92
95-->src/main/AndroidManifest.xml:63:25-89
96            </intent-filter>
97
98            <meta-data
98-->src/main/AndroidManifest.xml:65:13-67:72
99                android:name="android.accessibilityservice"
99-->src/main/AndroidManifest.xml:66:17-60
100                android:resource="@xml/accessibility_service_config" />
100-->src/main/AndroidManifest.xml:67:17-69
101        </service>
102
103        <!-- Auto-start service on device boot -->
104        <receiver
104-->src/main/AndroidManifest.xml:71:9-79:20
105            android:name="com.connecttophone.service.BootReceiver"
105-->src/main/AndroidManifest.xml:72:13-49
106            android:enabled="true"
106-->src/main/AndroidManifest.xml:73:13-35
107            android:exported="true" >
107-->src/main/AndroidManifest.xml:74:13-36
108            <intent-filter>
108-->src/main/AndroidManifest.xml:75:13-78:29
109                <action android:name="android.intent.action.BOOT_COMPLETED" />
109-->src/main/AndroidManifest.xml:76:17-79
109-->src/main/AndroidManifest.xml:76:25-76
110                <action android:name="android.intent.action.QUICKBOOT_POWERON" />
110-->src/main/AndroidManifest.xml:77:17-82
110-->src/main/AndroidManifest.xml:77:25-79
111            </intent-filter>
112        </receiver>
113
114        <!-- FileProvider for image clip sharing -->
115        <provider
115-->src/main/AndroidManifest.xml:82:9-90:20
116            android:name="androidx.core.content.FileProvider"
116-->src/main/AndroidManifest.xml:83:13-62
117            android:authorities="com.connecttophone.fileprovider"
117-->src/main/AndroidManifest.xml:84:13-66
118            android:exported="false"
118-->src/main/AndroidManifest.xml:85:13-37
119            android:grantUriPermissions="true" >
119-->src/main/AndroidManifest.xml:86:13-47
120            <meta-data
120-->src/main/AndroidManifest.xml:87:13-89:54
121                android:name="android.support.FILE_PROVIDER_PATHS"
121-->src/main/AndroidManifest.xml:88:17-67
122                android:resource="@xml/file_paths" />
122-->src/main/AndroidManifest.xml:89:17-51
123        </provider>
124        <provider
124-->[androidx.emoji2:emoji2:1.2.0] AndroidManifest.xml:24:9-32:20
125            android:name="androidx.startup.InitializationProvider"
125-->[androidx.emoji2:emoji2:1.2.0] AndroidManifest.xml:25:13-67
126            android:authorities="com.connecttophone.androidx-startup"
126-->[androidx.emoji2:emoji2:1.2.0] AndroidManifest.xml:26:13-68
127            android:exported="false" >
127-->[androidx.emoji2:emoji2:1.2.0] AndroidManifest.xml:27:13-37
128            <meta-data
128-->[androidx.emoji2:emoji2:1.2.0] AndroidManifest.xml:29:13-31:52
129                android:name="androidx.emoji2.text.EmojiCompatInitializer"
129-->[androidx.emoji2:emoji2:1.2.0] AndroidManifest.xml:30:17-75
130                android:value="androidx.startup" />
130-->[androidx.emoji2:emoji2:1.2.0] AndroidManifest.xml:31:17-49
131            <meta-data
131-->[androidx.lifecycle:lifecycle-process:2.6.1] AndroidManifest.xml:29:13-31:52
132                android:name="androidx.lifecycle.ProcessLifecycleInitializer"
132-->[androidx.lifecycle:lifecycle-process:2.6.1] AndroidManifest.xml:30:17-78
133                android:value="androidx.startup" />
133-->[androidx.lifecycle:lifecycle-process:2.6.1] AndroidManifest.xml:31:17-49
134            <meta-data
134-->[androidx.profileinstaller:profileinstaller:1.3.0] AndroidManifest.xml:29:13-31:52
135                android:name="androidx.profileinstaller.ProfileInstallerInitializer"
135-->[androidx.profileinstaller:profileinstaller:1.3.0] AndroidManifest.xml:30:17-85
136                android:value="androidx.startup" />
136-->[androidx.profileinstaller:profileinstaller:1.3.0] AndroidManifest.xml:31:17-49
137        </provider>
138
139        <receiver
139-->[androidx.profileinstaller:profileinstaller:1.3.0] AndroidManifest.xml:34:9-52:20
140            android:name="androidx.profileinstaller.ProfileInstallReceiver"
140-->[androidx.profileinstaller:profileinstaller:1.3.0] AndroidManifest.xml:35:13-76
141            android:directBootAware="false"
141-->[androidx.profileinstaller:profileinstaller:1.3.0] AndroidManifest.xml:36:13-44
142            android:enabled="true"
142-->[androidx.profileinstaller:profileinstaller:1.3.0] AndroidManifest.xml:37:13-35
143            android:exported="true"
143-->[androidx.profileinstaller:profileinstaller:1.3.0] AndroidManifest.xml:38:13-36
144            android:permission="android.permission.DUMP" >
144-->[androidx.profileinstaller:profileinstaller:1.3.0] AndroidManifest.xml:39:13-57
145            <intent-filter>
145-->[androidx.profileinstaller:profileinstaller:1.3.0] AndroidManifest.xml:40:13-42:29
146                <action android:name="androidx.profileinstaller.action.INSTALL_PROFILE" />
146-->[androidx.profileinstaller:profileinstaller:1.3.0] AndroidManifest.xml:41:17-91
146-->[androidx.profileinstaller:profileinstaller:1.3.0] AndroidManifest.xml:41:25-88
147            </intent-filter>
148            <intent-filter>
148-->[androidx.profileinstaller:profileinstaller:1.3.0] AndroidManifest.xml:43:13-45:29
149                <action android:name="androidx.profileinstaller.action.SKIP_FILE" />
149-->[androidx.profileinstaller:profileinstaller:1.3.0] AndroidManifest.xml:44:17-85
149-->[androidx.profileinstaller:profileinstaller:1.3.0] AndroidManifest.xml:44:25-82
150            </intent-filter>
151            <intent-filter>
151-->[androidx.profileinstaller:profileinstaller:1.3.0] AndroidManifest.xml:46:13-48:29
152                <action android:name="androidx.profileinstaller.action.SAVE_PROFILE" />
152-->[androidx.profileinstaller:profileinstaller:1.3.0] AndroidManifest.xml:47:17-88
152-->[androidx.profileinstaller:profileinstaller:1.3.0] AndroidManifest.xml:47:25-85
153            </intent-filter>
154            <intent-filter>
154-->[androidx.profileinstaller:profileinstaller:1.3.0] AndroidManifest.xml:49:13-51:29
155                <action android:name="androidx.profileinstaller.action.BENCHMARK_OPERATION" />
155-->[androidx.profileinstaller:profileinstaller:1.3.0] AndroidManifest.xml:50:17-95
155-->[androidx.profileinstaller:profileinstaller:1.3.0] AndroidManifest.xml:50:25-92
156            </intent-filter>
157        </receiver>
158
159        <activity
159-->[com.journeyapps:zxing-android-embedded:4.3.0] AndroidManifest.xml:47:9-53:63
160            android:name="com.journeyapps.barcodescanner.CaptureActivity"
160-->[com.journeyapps:zxing-android-embedded:4.3.0] AndroidManifest.xml:48:13-74
161            android:clearTaskOnLaunch="true"
161-->[com.journeyapps:zxing-android-embedded:4.3.0] AndroidManifest.xml:49:13-45
162            android:screenOrientation="sensorLandscape"
162-->[com.journeyapps:zxing-android-embedded:4.3.0] AndroidManifest.xml:50:13-56
163            android:stateNotNeeded="true"
163-->[com.journeyapps:zxing-android-embedded:4.3.0] AndroidManifest.xml:51:13-42
164            android:theme="@style/zxing_CaptureTheme"
164-->[com.journeyapps:zxing-android-embedded:4.3.0] AndroidManifest.xml:52:13-54
165            android:windowSoftInputMode="stateAlwaysHidden" />
165-->[com.journeyapps:zxing-android-embedded:4.3.0] AndroidManifest.xml:53:13-60
166    </application>
167
168</manifest>